<?xml version="1.0" encoding="UTF-8"?>
<!-- Generated by org.testng.reporters.JUnitReportReporter -->
<testsuite skipped="0" hostname="DESKTOP-U62RH9G" name="ApiExampleProjectTestRunner" tests="2" failures="0" timestamp="06 oct 2020 18:35:04 GMT" time="1.036" errors="2">
  <testcase name="runScenario" time="0.078" classname="ApiExampleProjectTestRunner">
    <error type="java.lang.NoSuchMethodException" message="services.AverageDurationService.get(java.lang.String, java.util.Map)">
      <![CDATA[java.lang.NoSuchMethodException: services.AverageDurationService.get(java.lang.String, java.util.Map)
at java.lang.Class.getMethod(Class.java:1786)
at ar.steps.SwaggerSteps.doRequest(SwaggerSteps.java:49)
at ✽.realiza una peticion operacion GET del entity AVERAGE_DURATION utilizando este request doToken y reportsLength:1(file:src/test/resources/features/ApiFinalProyect.feature:15)
]]>
    </error>
  </testcase> <!-- runScenario -->
  <testcase name="runScenario" time="0.958" classname="ApiExampleProjectTestRunner">
    <error type="java.lang.IllegalArgumentException" message="No enum constant api.config.EntityConfiguration.LOGEAR">
      <![CDATA[java.lang.IllegalArgumentException: No enum constant api.config.EntityConfiguration.LOGEAR
at java.lang.Enum.valueOf(Enum.java:238)
at api.config.EntityConfiguration.valueOf(EntityConfiguration.java:5)
at ar.steps.SwaggerSteps.realizoUnaPeticion(SwaggerSteps.java:24)
at ✽.realizo una peticion operacion POST al LOGEAR usando request/post(file:src/test/resources/features/ApiFinalProyect.feature:5)
]]>
    </error>
  </testcase> <!-- runScenario -->
</testsuite> <!-- ApiExampleProjectTestRunner -->
